<?xml version="1.0" encoding="UTF-8"?>
<testng-results ignored="0" total="3" passed="3" failed="0" skipped="0">
  <reporter-output>
  </reporter-output>
  <suite started-at="2024-08-09T07:54:54 IST" name="Default suite" finished-at="2024-08-09T07:55:11 IST" duration-ms="17114">
    <groups>
      <group name="cucumber">
        <method signature="AbstractTestNGCucumberTests.runScenario(io.cucumber.testng.PickleWrapper,io.cucumber.testng.FeatureWrapper)[pri:0, instance:com_Vans.Runners.Runners@4b29d1d2]" name="runScenario" class="io.cucumber.testng.AbstractTestNGCucumberTests"/>
      </group> <!-- cucumber -->
    </groups>
    <test started-at="2024-08-09T07:54:54 IST" name="Default test" finished-at="2024-08-09T07:55:11 IST" duration-ms="17114">
      <class name="com_Vans.Runners.Runners">
        <test-method is-config="true" signature="setUpClass(org.testng.ITestContext)[pri:0, instance:com_Vans.Runners.Runners@4b29d1d2]" started-at="2024-08-09T07:54:54 IST" name="setUpClass" finished-at="2024-08-09T07:54:55 IST" duration-ms="812" status="PASS">
          <params>
            <param index="0">
              <value>
                <![CDATA[org.testng.TestRunner@3b83459e]]>
              </value>
            </param>
          </params>
          <reporter-output>
          </reporter-output>
        </test-method> <!-- setUpClass -->
        <test-method signature="runScenario(io.cucumber.testng.PickleWrapper,io.cucumber.testng.FeatureWrapper)[pri:0, instance:com_Vans.Runners.Runners@4b29d1d2]" started-at="2024-08-09T07:54:55 IST" name="runScenario" description="Runs Cucumber Scenarios" data-provider="scenarios" finished-at="2024-08-09T07:55:10 IST" duration-ms="14806" status="PASS">
          <params>
            <param index="0">
              <value>
                <![CDATA["Accessing to sign in page."]]>
              </value>
            </param>
            <param index="1">
              <value>
                <![CDATA["Navigating to login page!!"]]>
              </value>
            </param>
          </params>
          <reporter-output>
          </reporter-output>
        </test-method> <!-- runScenario -->
        <test-method signature="runScenario(io.cucumber.testng.PickleWrapper,io.cucumber.testng.FeatureWrapper)[pri:0, instance:com_Vans.Runners.Runners@4b29d1d2]" started-at="2024-08-09T07:55:10 IST" name="runScenario" description="Runs Cucumber Scenarios" data-provider="scenarios" finished-at="2024-08-09T07:55:11 IST" duration-ms="901" status="PASS">
          <params>
            <param index="0">
              <value>
                <![CDATA["Click on Create an Account and verify."]]>
              </value>
            </param>
            <param index="1">
              <value>
                <![CDATA["Navigating to login page!!"]]>
              </value>
            </param>
          </params>
          <reporter-output>
          </reporter-output>
        </test-method> <!-- runScenario -->
        <test-method signature="runScenario(io.cucumber.testng.PickleWrapper,io.cucumber.testng.FeatureWrapper)[pri:0, instance:com_Vans.Runners.Runners@4b29d1d2]" started-at="2024-08-09T07:55:11 IST" name="runScenario" description="Runs Cucumber Scenarios" data-provider="scenarios" finished-at="2024-08-09T07:55:11 IST" duration-ms="480" status="PASS">
          <params>
            <param index="0">
              <value>
                <![CDATA["Click on Create an Account and verify."]]>
              </value>
            </param>
            <param index="1">
              <value>
                <![CDATA["Navigating to login page!!"]]>
              </value>
            </param>
          </params>
          <reporter-output>
          </reporter-output>
        </test-method> <!-- runScenario -->
        <test-method is-config="true" signature="tearDownClass()[pri:0, instance:com_Vans.Runners.Runners@4b29d1d2]" started-at="2024-08-09T07:55:11 IST" name="tearDownClass" finished-at="2024-08-09T07:55:11 IST" duration-ms="75" status="PASS">
          <reporter-output>
          </reporter-output>
        </test-method> <!-- tearDownClass -->
      </class> <!-- com_Vans.Runners.Runners -->
    </test> <!-- Default test -->
  </suite> <!-- Default suite -->
</testng-results>
